TN:
SF:src/components/Forms/Button/index.tsx
FN:11,(anonymous_0)
FNF:1
FNH:1
FNDA:4,(anonymous_0)
DA:11,1
DA:12,4
LF:2
LH:2
BRF:0
BRH:0
end_of_record
TN:
SF:src/components/Forms/CategorySelectButton/index.tsx
FN:10,(anonymous_0)
FNF:1
FNH:1
FNDA:2,(anonymous_0)
DA:10,1
DA:11,2
LF:2
LH:2
BRF:0
BRH:0
end_of_record
TN:
SF:src/components/Forms/Input/index.tsx
FN:10,(anonymous_0)
FNF:1
FNH:1
FNDA:5,(anonymous_0)
DA:10,2
DA:11,5
LF:2
LH:2
BRDA:10,0,0,4
BRF:1
BRH:1
end_of_record
TN:
SF:src/components/Forms/InputForm/index.tsx
FN:15,(anonymous_0)
FN:25,(anonymous_1)
FNF:2
FNH:2
FNDA:4,(anonymous_0)
FNDA:4,(anonymous_1)
DA:15,1
DA:21,4
DA:26,4
LF:3
LH:3
BRDA:30,0,0,4
BRDA:30,0,1,0
BRF:2
BRH:1
end_of_record
TN:
SF:src/components/Forms/TransactionTypeButton/index.tsx
FN:17,(anonymous_0)
FNF:1
FNH:1
FNDA:4,(anonymous_0)
DA:6,1
DA:17,1
DA:23,4
LF:3
LH:3
BRF:0
BRH:0
end_of_record
TN:
SF:src/components/HighlightCard/index.tsx
FN:26,(anonymous_0)
FNF:1
FNH:0
FNDA:0,(anonymous_0)
DA:20,0
DA:26,0
DA:32,0
LF:3
LH:0
BRF:0
BRH:0
end_of_record
TN:
SF:src/components/HistoryCard/index.tsx
FN:11,(anonymous_0)
FNF:1
FNH:0
FNDA:0,(anonymous_0)
DA:11,0
DA:12,0
LF:2
LH:0
BRF:0
BRH:0
end_of_record
TN:
SF:src/components/SignInSocialButton/index.tsx
FN:12,(anonymous_0)
FNF:1
FNH:0
FNDA:0,(anonymous_0)
DA:12,0
DA:17,0
LF:2
LH:0
BRF:0
BRH:0
end_of_record
TN:
SF:src/components/TransactionCard/index.tsx
FN:28,(anonymous_0)
FN:29,(anonymous_1)
FNF:2
FNH:0
FNDA:0,(anonymous_0)
FNDA:0,(anonymous_1)
DA:28,0
DA:29,0
DA:30,0
LF:3
LH:0
BRDA:35,0,0,0
BRDA:35,0,1,0
BRF:2
BRH:0
end_of_record
TN:
SF:src/hooks/useAuth.tsx
FN:43,(anonymous_0)
FN:47,signInWithGoogle
FN:82,signInWithApple
FN:111,signOut
FN:116,(anonymous_4)
FN:117,loadUserStorageData
FN:143,(anonymous_6)
FNF:7
FNH:5
FNDA:10,(anonymous_0)
FNDA:3,signInWithGoogle
FNDA:0,signInWithApple
FNDA:0,signOut
FNDA:3,(anonymous_4)
FNDA:3,loadUserStorageData
FNDA:12,(anonymous_6)
DA:12,2
DA:13,2
DA:41,2
DA:43,2
DA:44,10
DA:45,10
DA:48,3
DA:49,3
DA:50,3
DA:52,3
DA:54,3
DA:58,2
DA:59,1
DA:63,1
DA:64,1
DA:70,1
DA:72,1
DA:78,1
DA:83,0
DA:84,0
DA:91,0
DA:92,0
DA:99,0
DA:101,0
DA:107,0
DA:112,0
DA:113,0
DA:116,10
DA:118,3
DA:119,3
DA:121,3
DA:122,3
DA:125,3
DA:128,10
DA:143,2
DA:144,12
DA:146,12
LF:37
LH:28
BRDA:58,0,0,1
BRDA:58,0,1,1
BRDA:91,1,0,0
BRDA:91,1,1,0
BRDA:119,2,0,0
BRDA:119,2,1,3
BRF:6
BRH:3
end_of_record
TN:
SF:src/routes/app.routes.tsx
FN:13,(anonymous_0)
FN:27,(anonymous_1)
FN:41,(anonymous_2)
FN:51,(anonymous_3)
FNF:4
FNH:0
FNDA:0,(anonymous_0)
FNDA:0,(anonymous_1)
FNDA:0,(anonymous_2)
FNDA:0,(anonymous_3)
DA:11,0
DA:13,0
DA:14,0
DA:16,0
DA:28,0
DA:42,0
DA:52,0
LF:7
LH:0
BRDA:22,0,0,0
BRDA:22,0,1,0
BRF:2
BRH:0
end_of_record
TN:
SF:src/routes/auth.routes.tsx
FN:8,(anonymous_0)
FNF:1
FNH:0
FNDA:0,(anonymous_0)
DA:6,0
DA:8,0
DA:9,0
LF:3
LH:0
BRF:0
BRH:0
end_of_record
TN:
SF:src/routes/index.tsx
FN:9,(anonymous_0)
FNF:1
FNH:0
FNDA:0,(anonymous_0)
DA:9,0
DA:10,0
DA:12,0
LF:3
LH:0
BRDA:14,0,0,0
BRDA:14,0,1,0
BRF:2
BRH:0
end_of_record
TN:
SF:src/screens/CategorySelect/index.tsx
FN:29,(anonymous_0)
FN:34,handleSetCategory
FN:46,(anonymous_2)
FN:47,(anonymous_3)
FN:49,(anonymous_4)
FN:56,(anonymous_5)
FN:60,(anonymous_6)
FNF:7
FNH:4
FNDA:2,(anonymous_0)
FNDA:0,handleSetCategory
FNDA:12,(anonymous_2)
FNDA:12,(anonymous_3)
FNDA:0,(anonymous_4)
FNDA:10,(anonymous_5)
FNDA:0,(anonymous_6)
DA:29,1
DA:35,0
DA:38,2
DA:46,12
DA:48,12
DA:49,0
DA:56,10
DA:60,0
LF:8
LH:5
BRF:0
BRH:0
end_of_record
TN:
SF:src/screens/Dashboard/index.tsx
FN:46,(anonymous_0)
FN:57,getLastTransactionDate
FN:62,(anonymous_2)
FN:72,(anonymous_3)
FN:84,loadTransactions
FN:93,(anonymous_5)
FN:173,(anonymous_6)
FN:182,(anonymous_7)
FN:238,(anonymous_8)
FN:239,(anonymous_9)
FNF:10
FNH:0
FNDA:0,(anonymous_0)
FNDA:0,getLastTransactionDate
FNDA:0,(anonymous_2)
FNDA:0,(anonymous_3)
FNDA:0,loadTransactions
FNDA:0,(anonymous_5)
FNDA:0,(anonymous_6)
FNDA:0,(anonymous_7)
FNDA:0,(anonymous_8)
FNDA:0,(anonymous_9)
DA:46,0
DA:47,0
DA:49,0
DA:50,0
DA:51,0
DA:55,0
DA:61,0
DA:62,0
DA:65,0
DA:66,0
DA:69,0
DA:73,0
DA:78,0
DA:85,0
DA:86,0
DA:87,0
DA:89,0
DA:90,0
DA:92,0
DA:94,0
DA:95,0
DA:97,0
DA:100,0
DA:105,0
DA:111,0
DA:122,0
DA:126,0
DA:132,0
DA:136,0
DA:138,0
DA:168,0
DA:170,0
DA:173,0
DA:174,0
DA:181,0
DA:183,0
DA:187,0
DA:238,0
DA:239,0
LF:39
LH:0
BRDA:65,0,0,0
BRDA:65,0,1,0
BRDA:87,1,0,0
BRDA:87,1,1,0
BRDA:94,2,0,0
BRDA:94,2,1,0
BRDA:132,3,0,0
BRDA:132,3,1,0
BRDA:145,4,0,0
BRDA:145,4,1,0
BRDA:155,5,0,0
BRDA:155,5,1,0
BRDA:189,6,0,0
BRDA:189,6,1,0
BRF:14
BRH:0
end_of_record
TN:
SF:src/screens/Register/index.tsx
FN:40,(anonymous_0)
FN:60,handleTransactionTypeSelect
FN:64,handleOpenCategoryModal
FN:68,handleClaseCategoryModal
FN:72,handleRegister
FN:139,(anonymous_5)
FN:145,(anonymous_6)
FNF:7
FNH:2
FNDA:2,(anonymous_0)
FNDA:0,handleTransactionTypeSelect
FNDA:1,handleOpenCategoryModal
FNDA:0,handleClaseCategoryModal
FNDA:0,handleRegister
FNDA:0,(anonymous_5)
FNDA:0,(anonymous_6)
DA:32,1
DA:40,1
DA:41,2
DA:42,2
DA:44,2
DA:49,2
DA:51,2
DA:58,2
DA:61,0
DA:65,1
DA:69,0
DA:73,0
DA:75,0
DA:76,0
DA:78,0
DA:87,0
DA:88,0
DA:89,0
DA:90,0
DA:92,0
DA:94,0
DA:96,0
DA:98,0
DA:100,0
DA:105,0
DA:107,0
DA:108,0
DA:112,2
DA:139,0
DA:145,0
LF:30
LH:10
BRDA:73,0,0,0
BRDA:73,0,1,0
BRDA:75,1,0,0
BRDA:75,1,1,0
BRDA:90,2,0,0
BRDA:90,2,1,0
BRDA:127,3,0,2
BRDA:127,3,1,0
BRDA:134,4,0,2
BRDA:134,4,1,0
BRF:10
BRH:2
end_of_record
TN:
SF:src/screens/Resume/index.tsx
FN:46,(anonymous_0)
FN:56,handleDateChange
FN:66,loadData
FN:74,(anonymous_3)
FN:81,(anonymous_4)
FN:89,(anonymous_5)
FN:92,(anonymous_6)
FN:127,(anonymous_7)
FN:132,(anonymous_8)
FN:145,(anonymous_9)
FN:151,(anonymous_10)
FN:165,(anonymous_11)
FN:179,(anonymous_12)
FNF:13
FNH:0
FNDA:0,(anonymous_0)
FNDA:0,handleDateChange
FNDA:0,loadData
FNDA:0,(anonymous_3)
FNDA:0,(anonymous_4)
FNDA:0,(anonymous_5)
FNDA:0,(anonymous_6)
FNDA:0,(anonymous_7)
FNDA:0,(anonymous_8)
FNDA:0,(anonymous_9)
FNDA:0,(anonymous_10)
FNDA:0,(anonymous_11)
FNDA:0,(anonymous_12)
DA:46,0
DA:47,0
DA:48,0
DA:49,0
DA:50,0
DA:52,0
DA:57,0
DA:58,0
DA:59,0
DA:61,0
DA:62,0
DA:67,0
DA:68,0
DA:69,0
DA:70,0
DA:71,0
DA:73,0
DA:75,0
DA:80,0
DA:82,0
DA:87,0
DA:89,0
DA:90,0
DA:92,0
DA:93,0
DA:94,0
DA:98,0
DA:99,0
DA:104,0
DA:108,0
DA:119,0
DA:121,0
DA:123,0
DA:127,0
DA:128,0
DA:131,0
DA:133,0
DA:137,0
DA:145,0
DA:151,0
DA:165,0
DA:180,0
LF:42
LH:0
BRDA:57,0,0,0
BRDA:57,0,1,0
BRDA:71,1,0,0
BRDA:71,1,1,0
BRDA:75,2,0,0
BRDA:75,2,1,0
BRDA:75,2,2,0
BRDA:93,3,0,0
BRDA:93,3,1,0
BRDA:98,4,0,0
BRDA:98,4,1,0
BRDA:156,5,0,0
BRDA:156,5,1,0
BRF:13
BRH:0
end_of_record
TN:
SF:src/screens/SignIn/index.tsx
FN:24,(anonymous_0)
FN:29,handleSignInWithGoogle
FN:40,handleSignInWithApple
FNF:3
FNH:0
FNDA:0,(anonymous_0)
FNDA:0,handleSignInWithGoogle
FNDA:0,handleSignInWithApple
DA:24,0
DA:25,0
DA:26,0
DA:27,0
DA:30,0
DA:31,0
DA:32,0
DA:34,0
DA:35,0
DA:36,0
DA:41,0
DA:42,0
DA:43,0
DA:45,0
DA:46,0
DA:48,0
DA:52,0
LF:17
LH:0
BRDA:71,0,0,0
BRDA:71,0,1,0
BRDA:80,1,0,0
BRDA:80,1,1,0
BRF:4
BRH:0
end_of_record
